<?xml version="1.0" encoding="utf-8"?><testsuites name="pytest tests"><testsuite name="pytest" errors="0" failures="0" skipped="0" tests="32" time="3.157" timestamp="2026-06-20T01:16:11.879242+00:00" hostname="agent-env-83106ebd-c21f-4061-a350-cff01f36355d"><testcase classname="backend.tests.test_admin_console.TestAdminAuth" name="test_login_success" time="0.460" /><testcase classname="backend.tests.test_admin_console.TestAdminAuth" name="test_login_bad_password" time="0.275" /><testcase classname="backend.tests.test_admin_console.TestAdminAuth" name="test_me_with_admin_token" time="0.052" /><testcase classname="backend.tests.test_admin_console.TestAdminAuth" name="test_me_rejects_no_token" time="0.046" /><testcase classname="backend.tests.test_admin_console.TestAdminAuth" name="test_non_admin_rejected_403" time="0.322" /><testcase classname="backend.tests.test_admin_console.TestMetrics" name="test_overview" time="0.063" /><testcase classname="backend.tests.test_admin_console.TestMetrics" name="test_cost_series_14_days" time="0.054" /><testcase classname="backend.tests.test_admin_console.TestUsers" name="test_list_with_query" time="0.048" /><testcase classname="backend.tests.test_admin_console.TestUsers" name="test_update_status" time="0.135" /><testcase classname="backend.tests.test_admin_console.TestUsers" name="test_update_role" time="0.049" /><testcase classname="backend.tests.test_admin_console.TestUsers" name="test_update_plan" time="0.057" /><testcase classname="backend.tests.test_admin_console.TestUsers" name="test_revoke_sessions" time="0.049" /><testcase classname="backend.tests.test_admin_console.TestAIProviders" name="test_list" time="0.048" /><testcase classname="backend.tests.test_admin_console.TestAIProviders" name="test_upsert_and_mask" time="0.094" /><testcase classname="backend.tests.test_admin_console.TestAIProviders" name="test_patch_toggle" time="0.097" /><testcase classname="backend.tests.test_admin_console.TestFeatureModels" name="test_assign" time="0.046" /><testcase classname="backend.tests.test_admin_console.TestAIUsage" name="test_ingest_and_aggregate" time="0.106" /><testcase classname="backend.tests.test_admin_console.TestBudget" name="test_get_default" time="0.050" /><testcase classname="backend.tests.test_admin_console.TestBudget" name="test_put" time="0.045" /><testcase classname="backend.tests.test_admin_console.TestFeatureFlags" name="test_upsert_and_delete" time="0.144" /><testcase classname="backend.tests.test_admin_console.TestPrompts" name="test_create_publish_rollback" time="0.195" /><testcase classname="backend.tests.test_admin_console.TestAudit" name="test_audit_log_immutable" time="0.047" /><testcase classname="backend.tests.test_admin_console.TestMisc" name="test_security_overview" time="0.075" /><testcase classname="backend.tests.test_admin_console.TestMisc" name="test_health_snapshot" time="0.051" /><testcase classname="backend.tests.test_admin_console.TestMisc" name="test_send_announcement" time="0.048" /><testcase classname="backend.tests.test_admin_console.TestMisc" name="test_config_roundtrip" time="0.096" /><testcase classname="backend.tests.test_admin_console.TestMisc" name="test_billing_summary" time="0.048" /><testcase classname="backend.tests.test_admin_console.TestMisc" name="test_plan_upsert" time="0.049" /><testcase classname="backend.tests.test_admin_console.TestMisc" name="test_analytics" time="0.051" /><testcase classname="backend.tests.test_admin_console.TestMisc" name="test_support_list" time="0.047" /><testcase classname="backend.tests.test_admin_console.TestRegression" name="test_otp_request_works" time="0.064" /><testcase classname="backend.tests.test_admin_console.TestRegression" name="test_expo_qr" time="0.072" /></testsuite></testsuites>