<?xml version="1.0" encoding="utf-8"?><testsuites name="pytest tests"><testsuite name="pytest" errors="0" failures="1" skipped="0" tests="43" time="10.682" timestamp="2026-06-19T23:17:40.383147+00:00" hostname="agent-env-14df596e-92bd-465f-b72e-8061933efbc7"><testcase classname="backend.tests.test_auth_v11.TestWhitelist" name="test_root_public" time="0.168" /><testcase classname="backend.tests.test_auth_v11.TestWhitelist" name="test_legal_pages_public[/legal/privacy]" time="0.044" /><testcase classname="backend.tests.test_auth_v11.TestWhitelist" name="test_legal_pages_public[/legal/terms]" time="0.046" /><testcase classname="backend.tests.test_auth_v11.TestWhitelist" name="test_legal_pages_public[/legal/cookies]" time="0.042" /><testcase classname="backend.tests.test_auth_v11.TestWhitelist" name="test_expo_qr_public" time="0.291" /><testcase classname="backend.tests.test_auth_v11.TestWhitelist" name="test_expo_qr_png" time="0.074" /><testcase classname="backend.tests.test_auth_v11.TestWhitelist" name="test_otp_request_public" time="0.061" /><testcase classname="backend.tests.test_auth_v11.TestWhitelist" name="test_support_faq_public" time="0.149" /><testcase classname="backend.tests.test_auth_v11.TestProtected" name="test_protected_returns_401[/briefing]" time="0.043" /><testcase classname="backend.tests.test_auth_v11.TestProtected" name="test_protected_returns_401[/security/sessions]" time="0.041" /><testcase classname="backend.tests.test_auth_v11.TestProtected" name="test_protected_returns_401[/memories]" time="0.039" /><testcase classname="backend.tests.test_auth_v11.TestProtected" name="test_protected_returns_401[/auth/me]" time="0.076" /><testcase classname="backend.tests.test_auth_v11.TestOTPFlow" name="test_otp_request_and_verify" time="0.188" /><testcase classname="backend.tests.test_auth_v11.TestOTPFlow" name="test_otp_wrong_code_locks_after_5" time="0.507" /><testcase classname="backend.tests.test_auth_v11.TestMeRefreshLogout" name="test_me_with_token" time="0.288" /><testcase classname="backend.tests.test_auth_v11.TestMeRefreshLogout" name="test_refresh_returns_new_access_token" time="0.259" /><testcase classname="backend.tests.test_auth_v11.TestMeRefreshLogout" name="test_logout_revokes_session" time="0.297" /><testcase classname="backend.tests.test_auth_v11.TestMeRefreshLogout" name="test_logout_all_revokes_all" time="0.566" /><testcase classname="backend.tests.test_auth_v11.TestSocialAuthScaffolding" name="test_apple_start_stub" time="0.081" /><testcase classname="backend.tests.test_auth_v11.TestSocialAuthScaffolding" name="test_google_start_returns_url_or_500" time="0.084" /><testcase classname="backend.tests.test_auth_v11.TestSettings" name="test_get_creates_default" time="0.248" /><testcase classname="backend.tests.test_auth_v11.TestSettings" name="test_put_updates" time="0.333" /><testcase classname="backend.tests.test_auth_v11.TestSettings" name="test_put_rejects_invalid_theme" time="0.372" /><testcase classname="backend.tests.test_auth_v11.TestSecurity" name="test_sessions_lists_active" time="0.290" /><testcase classname="backend.tests.test_auth_v11.TestSecurity" name="test_revoke_session_removes_it" time="0.415" /><testcase classname="backend.tests.test_auth_v11.TestSecurity" name="test_revoke_all" time="0.210" /><testcase classname="backend.tests.test_auth_v11.TestSecurity" name="test_audit_log" time="0.250" /><testcase classname="backend.tests.test_auth_v11.TestAccount" name="test_export" time="0.262" /><testcase classname="backend.tests.test_auth_v11.TestAccount" name="test_delete_then_me_401" time="0.287" /><testcase classname="backend.tests.test_auth_v11.TestSupport" name="test_contact_authed" time="0.287" /><testcase classname="backend.tests.test_auth_v11.TestBrandingIntact" name="test_briefing_authed_200" time="0.253" /><testcase classname="backend.tests.test_iter9_endpoints.TestSuggestions" name="test_create_lists_and_delete" time="0.427" /><testcase classname="backend.tests.test_iter9_endpoints.TestSuggestions" name="test_create_validation" time="0.043" /><testcase classname="backend.tests.test_iter9_endpoints.TestSuggestions" name="test_kind_normalization" time="0.088" /><testcase classname="backend.tests.test_iter9_endpoints.TestCareerAutoApply" name="test_toggle_on" time="0.048" /><testcase classname="backend.tests.test_iter9_endpoints.TestCareerAutoApply" name="test_toggle_off" time="0.048" /><testcase classname="backend.tests.test_iter9_endpoints.TestCareerParseResume" name="test_parse_text_resume" time="1.751" /><testcase classname="backend.tests.test_iter9_endpoints.TestCareerParseResume" name="test_empty_file_rejected" time="0.099" /><testcase classname="backend.tests.test_iter9_endpoints.TestCareerJobApply" name="test_apply_404_when_missing" time="0.053" /><testcase classname="backend.tests.test_iter9_endpoints.TestCareerJobApply" name="test_apply_existing_job" time="1.158"><failure message="Failed: Endpoint /api/career/jobs/{id}/apply queries db.jobs but jobs are stored in db.career_jobs — collection-name mismatch.">E   Failed: Endpoint /api/career/jobs/{id}/apply queries db.jobs but jobs are stored in db.career_jobs — collection-name mismatch.</failure></testcase><testcase classname="backend.tests.test_iter9_endpoints.TestFinanceTransactions" name="test_list" time="0.045" /><testcase classname="backend.tests.test_iter9_endpoints.TestRegression" name="test_otp_request_still_returns_dev_code" time="0.123" /><testcase classname="backend.tests.test_iter9_endpoints.TestRegression" name="test_apple_still_stub" time="0.207" /></testsuite></testsuites>