<?xml version="1.0" encoding="utf-8"?><testsuites name="pytest tests"><testsuite name="pytest" errors="0" failures="0" skipped="0" tests="18" time="22.286" timestamp="2026-06-20T09:30:44.437715+00:00" hostname="agent-env-83106ebd-c21f-4061-a350-cff01f36355d"><testcase classname="backend.tests.test_admin_phase4.TestFinanceIntelligence" name="test_30_days" time="0.445" /><testcase classname="backend.tests.test_admin_phase4.TestFinanceIntelligence" name="test_90_days" time="0.087" /><testcase classname="backend.tests.test_admin_phase4.TestFinanceIntelligence" name="test_365_days_bounded" time="0.203" /><testcase classname="backend.tests.test_admin_phase4.TestUserGrowth" name="test_default" time="0.059" /><testcase classname="backend.tests.test_admin_phase4.TestHeatmap" name="test_grid_shape" time="0.046" /><testcase classname="backend.tests.test_admin_phase4.TestProvidersLive" name="test_live_ping" time="0.300" /><testcase classname="backend.tests.test_admin_phase4.TestInfrastructure" name="test_psutil_metrics" time="0.255" /><testcase classname="backend.tests.test_admin_phase4.TestLoginAlerts" name="test_audit_with_flags" time="0.047" /><testcase classname="backend.tests.test_admin_phase4.TestPerUserUsage" name="test_user_usage" time="0.293" /><testcase classname="backend.tests.test_admin_phase4.TestPerUserUsage" name="test_user_usage_404" time="0.045" /><testcase classname="backend.tests.test_admin_phase4.TestImpersonate" name="test_super_admin_can_impersonate" time="0.106" /><testcase classname="backend.tests.test_admin_phase4.TestImpersonate" name="test_plain_admin_rejected" time="0.050" /><testcase classname="backend.tests.test_admin_phase4.TestPublicFeatureFlags" name="test_anon_returns_15_defaults" time="0.046" /><testcase classname="backend.tests.test_admin_phase4.TestPublicFeatureFlags" name="test_disable_journal_propagates" time="0.263" /><testcase classname="backend.tests.test_admin_phase4.TestLiveModelRouting" name="test_route_switch_takes_effect" time="18.489" /><testcase classname="backend.tests.test_admin_phase4.TestRegression" name="test_expo_qr" time="0.070" /><testcase classname="backend.tests.test_admin_phase4.TestRegression" name="test_otp_request" time="0.062" /><testcase classname="backend.tests.test_admin_phase4.TestRegression" name="test_chat_persists_message" time="1.396" /></testsuite></testsuites>