<?xml version="1.0" encoding="utf-8"?><testsuites name="pytest tests"><testsuite name="pytest" errors="0" failures="0" skipped="0" tests="9" time="4.953" timestamp="2026-06-18T13:01:06.877637+00:00" hostname="agent-env-8a84bb03-7097-44dd-a8ef-7177c200939b"><testcase classname="backend.tests.test_nova_api.TestRoot" name="test_root_returns_api_info" time="0.282" /><testcase classname="backend.tests.test_nova_api.TestSessions" name="test_create_session" time="0.055" /><testcase classname="backend.tests.test_nova_api.TestSessions" name="test_list_sessions_sorted_desc" time="0.258" /><testcase classname="backend.tests.test_nova_api.TestSessions" name="test_delete_session_cleans_messages" time="1.201" /><testcase classname="backend.tests.test_nova_api.TestChat" name="test_chat_returns_assistant_reply_and_persists" time="0.764" /><testcase classname="backend.tests.test_nova_api.TestChat" name="test_chat_multi_turn_context" time="0.547" /><testcase classname="backend.tests.test_nova_api.TestChat" name="test_chat_invalid_session_creates_on_the_fly" time="0.887" /><testcase classname="backend.tests.test_nova_api.TestChat" name="test_chat_empty_message_400" time="0.147" /><testcase classname="backend.tests.test_nova_api.TestTranscribe" name="test_transcribe_silent_wav_returns_text_field" time="0.777" /></testsuite></testsuites>