<?xml version="1.0" encoding="utf-8"?><testsuites name="pytest tests"><testsuite name="pytest" errors="0" failures="0" skipped="0" tests="21" time="5.952" timestamp="2026-06-19T16:55:14.702170+00:00" hostname="agent-env-221e78fe-2385-4da2-90f3-63d5ce6338fc"><testcase classname="backend.tests.test_ora_os_api.TestRootBranding" name="test_root_says_ora_os" time="0.230" /><testcase classname="backend.tests.test_ora_os_api.TestBriefing" name="test_briefing_shape" time="0.056" /><testcase classname="backend.tests.test_ora_os_api.TestSessions" name="test_create_session" time="0.047" /><testcase classname="backend.tests.test_ora_os_api.TestSessions" name="test_list_sessions" time="0.153" /><testcase classname="backend.tests.test_ora_os_api.TestChatBedrock" name="test_chat_returns_assistant_and_persists" time="1.374" /><testcase classname="backend.tests.test_ora_os_api.TestChatBedrock" name="test_chat_identity_is_ora_not_nova" time="1.432" /><testcase classname="backend.tests.test_ora_os_api.TestMemories" name="test_list_memories_initial" time="0.049" /><testcase classname="backend.tests.test_ora_os_api.TestMemories" name="test_create_memory_and_appears_in_list" time="0.228" /><testcase classname="backend.tests.test_ora_os_api.TestGoals" name="test_list_goals" time="0.055" /><testcase classname="backend.tests.test_ora_os_api.TestGoals" name="test_create_goal" time="0.241" /><testcase classname="backend.tests.test_ora_os_api.TestReminders" name="test_list_reminders" time="0.047" /><testcase classname="backend.tests.test_ora_os_api.TestReminders" name="test_create_reminder" time="0.172" /><testcase classname="backend.tests.test_ora_os_api.TestVoice" name="test_voice_status_enabled" time="1.151" /><testcase classname="backend.tests.test_ora_os_api.TestGoogle" name="test_google_status_initially_disconnected" time="0.049" /><testcase classname="backend.tests.test_ora_os_api.TestGoogle" name="test_google_auth_url" time="0.051" /><testcase classname="backend.tests.test_ora_os_api.TestFinance" name="test_process_notification_swiggy" time="0.075" /><testcase classname="backend.tests.test_ora_os_api.TestFinance" name="test_spending_summary_shape" time="0.047" /><testcase classname="backend.tests.test_ora_os_api.TestHealth" name="test_metrics_catalog" time="0.049" /><testcase classname="backend.tests.test_ora_os_api.TestHealth" name="test_log_and_summary" time="0.256" /><testcase classname="backend.tests.test_ora_os_api.TestCareer" name="test_career_profile" time="0.076" /><testcase classname="backend.tests.test_ora_os_api.TestTimeline" name="test_timeline_today" time="0.057" /></testsuite></testsuites>