<?xml version="1.0" encoding="utf-8"?><testsuites name="pytest tests"><testsuite name="pytest" errors="0" failures="0" skipped="0" tests="24" time="62.914" timestamp="2026-06-18T13:34:03.695937+00:00" hostname="agent-env-8a84bb03-7097-44dd-a8ef-7177c200939b"><testcase classname="backend.tests.test_nova_phase1.TestMemoriesManual" name="test_create_memory" time="0.275" /><testcase classname="backend.tests.test_nova_phase1.TestMemoriesManual" name="test_list_memories_filter_category" time="0.045" /><testcase classname="backend.tests.test_nova_phase1.TestMemoriesManual" name="test_list_memories_filter_search" time="0.043" /><testcase classname="backend.tests.test_nova_phase1.TestMemoriesManual" name="test_delete_memory" time="0.136" /><testcase classname="backend.tests.test_nova_phase1.TestMemoryAutoExtraction" name="test_chat_triggers_memory_extraction" time="3.982" /><testcase classname="backend.tests.test_nova_phase1.TestMemoryAutoExtraction" name="test_cross_session_recall" time="0.653" /><testcase classname="backend.tests.test_nova_phase1.TestGoals" name="test_create_goal" time="0.042" /><testcase classname="backend.tests.test_nova_phase1.TestGoals" name="test_list_goals" time="0.047" /><testcase classname="backend.tests.test_nova_phase1.TestGoals" name="test_update_goal_progress" time="0.044" /><testcase classname="backend.tests.test_nova_phase1.TestGoals" name="test_update_goal_progress_100_auto_complete" time="0.084" /><testcase classname="backend.tests.test_nova_phase1.TestGoals" name="test_delete_goal" time="0.133" /><testcase classname="backend.tests.test_nova_phase1.TestGoals" name="test_update_nonexistent_goal_404" time="0.046" /><testcase classname="backend.tests.test_nova_phase1.TestReminders" name="test_create_reminder" time="0.048" /><testcase classname="backend.tests.test_nova_phase1.TestReminders" name="test_list_reminders_filter_pending" time="0.050" /><testcase classname="backend.tests.test_nova_phase1.TestReminders" name="test_update_reminder_done" time="0.090" /><testcase classname="backend.tests.test_nova_phase1.TestReminders" name="test_delete_reminder" time="0.156" /><testcase classname="backend.tests.test_nova_phase1.TestReminders" name="test_update_nonexistent_reminder_404" time="0.044" /><testcase classname="backend.tests.test_nova_phase1.TestSessionsPinSearch" name="test_pin_toggles_and_sorts_first" time="0.499" /><testcase classname="backend.tests.test_nova_phase1.TestSessionsPinSearch" name="test_pin_nonexistent_404" time="0.046" /><testcase classname="backend.tests.test_nova_phase1.TestSessionsPinSearch" name="test_search_sessions_by_title" time="0.127" /><testcase classname="backend.tests.test_nova_phase1.TestChatWithImage" name="test_chat_with_image_returns_reply_and_persists" time="37.700" /><testcase classname="backend.tests.test_nova_phase1.TestChatWithImage" name="test_stored_message_persists_image_b64" time="1.366" /><testcase classname="backend.tests.test_nova_phase1.TestRegression" name="test_chat_without_image" time="1.365" /><testcase classname="backend.tests.test_nova_phase1.TestRegression" name="test_root_still_works" time="15.832" /></testsuite></testsuites>