<?xml version="1.0" encoding="utf-8"?><testsuites name="pytest tests"><testsuite name="pytest" errors="0" failures="0" skipped="0" tests="70" time="31.715" timestamp="2026-06-19T03:57:38.775902+00:00" hostname="agent-env-a9a2945e-d9bb-41a5-8cfe-03061da79d6d"><testcase classname="tests.test_nova_api.TestRoot" name="test_root_returns_api_info" time="0.117" /><testcase classname="tests.test_nova_api.TestSessions" name="test_create_session" time="0.298" /><testcase classname="tests.test_nova_api.TestSessions" name="test_list_sessions_sorted_desc" time="0.231" /><testcase classname="tests.test_nova_api.TestSessions" name="test_delete_session_cleans_messages" time="1.954" /><testcase classname="tests.test_nova_api.TestChat" name="test_chat_returns_assistant_reply_and_persists" time="1.419" /><testcase classname="tests.test_nova_api.TestChat" name="test_chat_multi_turn_context" time="1.220" /><testcase classname="tests.test_nova_api.TestChat" name="test_chat_invalid_session_creates_on_the_fly" time="1.301" /><testcase classname="tests.test_nova_api.TestChat" name="test_chat_empty_message_400" time="0.162" /><testcase classname="tests.test_nova_api.TestTranscribe" name="test_transcribe_silent_wav_returns_text_field" time="1.378" /><testcase classname="tests.test_nova_phase1.TestMemoriesManual" name="test_create_memory" time="0.043" /><testcase classname="tests.test_nova_phase1.TestMemoriesManual" name="test_list_memories_filter_category" time="0.041" /><testcase classname="tests.test_nova_phase1.TestMemoriesManual" name="test_list_memories_filter_search" time="0.041" /><testcase classname="tests.test_nova_phase1.TestMemoriesManual" name="test_delete_memory" time="0.128" /><testcase classname="tests.test_nova_phase1.TestMemoryAutoExtraction" name="test_chat_triggers_memory_extraction" time="4.513" /><testcase classname="tests.test_nova_phase1.TestMemoryAutoExtraction" name="test_cross_session_recall" time="1.458" /><testcase classname="tests.test_nova_phase1.TestGoals" name="test_create_goal" time="0.058" /><testcase classname="tests.test_nova_phase1.TestGoals" name="test_list_goals" time="0.043" /><testcase classname="tests.test_nova_phase1.TestGoals" name="test_update_goal_progress" time="0.043" /><testcase classname="tests.test_nova_phase1.TestGoals" name="test_update_goal_progress_100_auto_complete" time="0.058" /><testcase classname="tests.test_nova_phase1.TestGoals" name="test_delete_goal" time="0.136" /><testcase classname="tests.test_nova_phase1.TestGoals" name="test_update_nonexistent_goal_404" time="0.045" /><testcase classname="tests.test_nova_phase1.TestReminders" name="test_create_reminder" time="0.044" /><testcase classname="tests.test_nova_phase1.TestReminders" name="test_list_reminders_filter_pending" time="0.042" /><testcase classname="tests.test_nova_phase1.TestReminders" name="test_update_reminder_done" time="0.087" /><testcase classname="tests.test_nova_phase1.TestReminders" name="test_delete_reminder" time="0.085" /><testcase classname="tests.test_nova_phase1.TestReminders" name="test_update_nonexistent_reminder_404" time="0.042" /><testcase classname="tests.test_nova_phase1.TestSessionsPinSearch" name="test_pin_toggles_and_sorts_first" time="0.469" /><testcase classname="tests.test_nova_phase1.TestSessionsPinSearch" name="test_pin_nonexistent_404" time="0.044" /><testcase classname="tests.test_nova_phase1.TestSessionsPinSearch" name="test_search_sessions_by_title" time="0.094" /><testcase classname="tests.test_nova_phase1.TestChatWithImage" name="test_chat_with_image_returns_reply_and_persists" time="1.278" /><testcase classname="tests.test_nova_phase1.TestChatWithImage" name="test_stored_message_persists_image_b64" time="1.610" /><testcase classname="tests.test_nova_phase1.TestRegression" name="test_chat_without_image" time="1.193" /><testcase classname="tests.test_nova_phase1.TestRegression" name="test_root_still_works" time="1.352" /><testcase classname="tests.test_nova_phase2.TestChatEmotion" name="test_emotion_field_present_and_valid" time="1.140" /><testcase classname="tests.test_nova_phase2.TestBriefing" name="test_briefing_chennai" time="0.548" /><testcase classname="tests.test_nova_phase2.TestSmartReminderFromChat" name="test_chat_creates_reminder" time="1.722" /><testcase classname="tests.test_nova_phase2.TestCalendarGracefulNoGoogle" name="test_calendar_request_does_not_crash" time="1.460" /><testcase classname="tests.test_nova_phase2.TestGoogle" name="test_auth_url_returns_url_with_client_id" time="0.041" /><testcase classname="tests.test_nova_phase2.TestGoogle" name="test_google_status_disconnected" time="0.042" /><testcase classname="tests.test_nova_phase2.TestGoogle" name="test_me_unauthenticated" time="0.042" /><testcase classname="tests.test_nova_phase2.TestVoice" name="test_voice_status_enabled" time="0.918" /><testcase classname="tests.test_nova_phase2.TestVoice" name="test_voice_tts_returns_audio_b64" time="0.705" /><testcase classname="tests.test_nova_phase2.TestVoice" name="test_voice_list_voices" time="0.132" /><testcase classname="tests.test_nova_phase2.TestNotifications" name="test_ingest_bank_notification" time="0.672" /><testcase classname="tests.test_nova_phase2.TestNotifications" name="test_list_notifications_contains_ingested" time="0.046" /><testcase classname="tests.test_nova_phase2.TestNotifications" name="test_stats_endpoint" time="0.150" /><testcase classname="tests.test_nova_phase2.TestFinance" name="test_process_notification" time="0.042" /><testcase classname="tests.test_nova_phase2.TestFinance" name="test_spending_summary" time="0.043" /><testcase classname="tests.test_nova_phase2.TestFinance" name="test_insights_and_categories" time="0.084" /><testcase classname="tests.test_nova_phase2.TestDashboard" name="test_dashboard_endpoints_ok[/api/dashboard?days=30]" time="0.057" /><testcase classname="tests.test_nova_phase2.TestDashboard" name="test_dashboard_endpoints_ok[/api/dashboard/usage]" time="0.054" /><testcase classname="tests.test_nova_phase2.TestDashboard" name="test_dashboard_endpoints_ok[/api/dashboard/spending]" time="0.042" /><testcase classname="tests.test_nova_phase2.TestDashboard" name="test_dashboard_endpoints_ok[/api/dashboard/productivity]" time="0.042" /><testcase classname="tests.test_nova_phase2.TestDashboard" name="test_dashboard_endpoints_ok[/api/dashboard/insights]" time="0.043" /><testcase classname="tests.test_nova_phase2.TestKnowledge" name="test_upload_and_list" time="0.215" /><testcase classname="tests.test_nova_phase2.TestKnowledge" name="test_search" time="0.094" /><testcase classname="tests.test_nova_phase2.TestKnowledge" name="test_stats" time="0.101" /><testcase classname="tests.test_nova_phase2.TestKnowledge" name="test_delete" time="0.100" /><testcase classname="tests.test_nova_phase2.TestCallsMock" name="test_create_call" time="0.043" /><testcase classname="tests.test_nova_phase2.TestCallsMock" name="test_list_and_get" time="0.085" /><testcase classname="tests.test_nova_phase2.TestCallsMock" name="test_cancel" time="0.094" /><testcase classname="tests.test_nova_phase2.TestIncomingCalls" name="test_register" time="0.045" /><testcase classname="tests.test_nova_phase2.TestIncomingCalls" name="test_active_list" time="0.046" /><testcase classname="tests.test_nova_phase2.TestIncomingCalls" name="test_mark_missed_creates_reminder" time="0.087" /><testcase classname="tests.test_nova_phase2.TestTwin" name="test_profile" time="0.043" /><testcase classname="tests.test_nova_phase2.TestTwin" name="test_learn" time="0.065" /><testcase classname="tests.test_nova_phase2.TestTwin" name="test_style_prompt" time="0.043" /><testcase classname="tests.test_nova_phase2.TestChief" name="test_morning_briefing" time="0.095" /><testcase classname="tests.test_nova_phase2.TestChief" name="test_suggestions" time="0.041" /><testcase classname="tests.test_nova_phase2.TestChatTools" name="test_chat_tools_no_crash" time="1.349" /></testsuite></testsuites>