<?xml version="1.0" encoding="utf-8"?><testsuites name="pytest tests"><testsuite name="pytest" errors="0" failures="0" skipped="0" tests="37" time="11.592" timestamp="2026-06-19T03:57:22.597113+00:00" hostname="agent-env-a9a2945e-d9bb-41a5-8cfe-03061da79d6d"><testcase classname="tests.test_nova_phase2.TestChatEmotion" name="test_emotion_field_present_and_valid" time="1.608" /><testcase classname="tests.test_nova_phase2.TestBriefing" name="test_briefing_chennai" time="0.549" /><testcase classname="tests.test_nova_phase2.TestSmartReminderFromChat" name="test_chat_creates_reminder" time="1.763" /><testcase classname="tests.test_nova_phase2.TestCalendarGracefulNoGoogle" name="test_calendar_request_does_not_crash" time="1.588" /><testcase classname="tests.test_nova_phase2.TestGoogle" name="test_auth_url_returns_url_with_client_id" time="0.043" /><testcase classname="tests.test_nova_phase2.TestGoogle" name="test_google_status_disconnected" time="0.043" /><testcase classname="tests.test_nova_phase2.TestGoogle" name="test_me_unauthenticated" time="0.042" /><testcase classname="tests.test_nova_phase2.TestVoice" name="test_voice_status_enabled" time="0.921" /><testcase classname="tests.test_nova_phase2.TestVoice" name="test_voice_tts_returns_audio_b64" time="0.694" /><testcase classname="tests.test_nova_phase2.TestVoice" name="test_voice_list_voices" time="0.121" /><testcase classname="tests.test_nova_phase2.TestNotifications" name="test_ingest_bank_notification" time="0.876" /><testcase classname="tests.test_nova_phase2.TestNotifications" name="test_list_notifications_contains_ingested" time="0.043" /><testcase classname="tests.test_nova_phase2.TestNotifications" name="test_stats_endpoint" time="0.164" /><testcase classname="tests.test_nova_phase2.TestFinance" name="test_process_notification" time="0.043" /><testcase classname="tests.test_nova_phase2.TestFinance" name="test_spending_summary" time="0.043" /><testcase classname="tests.test_nova_phase2.TestFinance" name="test_insights_and_categories" time="0.087" /><testcase classname="tests.test_nova_phase2.TestDashboard" name="test_dashboard_endpoints_ok[/api/dashboard?days=30]" time="0.050" /><testcase classname="tests.test_nova_phase2.TestDashboard" name="test_dashboard_endpoints_ok[/api/dashboard/usage]" time="0.055" /><testcase classname="tests.test_nova_phase2.TestDashboard" name="test_dashboard_endpoints_ok[/api/dashboard/spending]" time="0.043" /><testcase classname="tests.test_nova_phase2.TestDashboard" name="test_dashboard_endpoints_ok[/api/dashboard/productivity]" time="0.043" /><testcase classname="tests.test_nova_phase2.TestDashboard" name="test_dashboard_endpoints_ok[/api/dashboard/insights]" time="0.042" /><testcase classname="tests.test_nova_phase2.TestKnowledge" name="test_upload_and_list" time="0.211" /><testcase classname="tests.test_nova_phase2.TestKnowledge" name="test_search" time="0.106" /><testcase classname="tests.test_nova_phase2.TestKnowledge" name="test_stats" time="0.104" /><testcase classname="tests.test_nova_phase2.TestKnowledge" name="test_delete" time="0.132" /><testcase classname="tests.test_nova_phase2.TestCallsMock" name="test_create_call" time="0.042" /><testcase classname="tests.test_nova_phase2.TestCallsMock" name="test_list_and_get" time="0.098" /><testcase classname="tests.test_nova_phase2.TestCallsMock" name="test_cancel" time="0.126" /><testcase classname="tests.test_nova_phase2.TestIncomingCalls" name="test_register" time="0.075" /><testcase classname="tests.test_nova_phase2.TestIncomingCalls" name="test_active_list" time="0.042" /><testcase classname="tests.test_nova_phase2.TestIncomingCalls" name="test_mark_missed_creates_reminder" time="0.124" /><testcase classname="tests.test_nova_phase2.TestTwin" name="test_profile" time="0.044" /><testcase classname="tests.test_nova_phase2.TestTwin" name="test_learn" time="0.084" /><testcase classname="tests.test_nova_phase2.TestTwin" name="test_style_prompt" time="0.044" /><testcase classname="tests.test_nova_phase2.TestChief" name="test_morning_briefing" time="0.044" /><testcase classname="tests.test_nova_phase2.TestChief" name="test_suggestions" time="0.040" /><testcase classname="tests.test_nova_phase2.TestChatTools" name="test_chat_tools_no_crash" time="1.344" /></testsuite></testsuites>