<?xml version="1.0" encoding="utf-8"?><testsuites name="pytest tests"><testsuite name="pytest" errors="0" failures="0" skipped="0" tests="11" time="8.493" timestamp="2026-06-19T12:06:45.167446+00:00" hostname="agent-env-a9a2945e-d9bb-41a5-8cfe-03061da79d6d"><testcase classname="backend.tests.test_nova_phase3.TestSearchSources" name="test_search_sources" time="0.222" /><testcase classname="backend.tests.test_nova_phase3.TestUnifiedSearch" name="test_unified_search_basic" time="0.771" /><testcase classname="backend.tests.test_nova_phase3.TestUnifiedSearch" name="test_unified_search_source_filter" time="0.595" /><testcase classname="backend.tests.test_nova_phase3.TestUnifiedSearch" name="test_unified_search_no_match" time="0.740" /><testcase classname="backend.tests.test_nova_phase3.TestLifeScores" name="test_life_scores_shape" time="0.048" /><testcase classname="backend.tests.test_nova_phase3.TestLifeScores" name="test_life_recommendations" time="0.717" /><testcase classname="backend.tests.test_nova_phase3.TestLifeScores" name="test_life_dashboard" time="0.618" /><testcase classname="backend.tests.test_nova_phase3.TestHealthGoalBumpsScore" name="test_health_goal_bumps_health" time="0.696" /><testcase classname="backend.tests.test_nova_phase3.TestChatDraftReply" name="test_chat_reply_to_vijay" time="2.397" /><testcase classname="backend.tests.test_nova_phase3.TestChatDraftReply" name="test_twin_profile_contains_vijay" time="0.048" /><testcase classname="backend.tests.test_nova_phase3.TestChatDraftReply" name="test_other_intents_still_work_reminder" time="1.594" /></testsuite></testsuites>