<?xml version="1.0" encoding="utf-8"?><testsuites name="pytest tests"><testsuite name="pytest" errors="0" failures="0" skipped="0" tests="31" time="5.571" timestamp="2026-06-19T17:21:24.013589+00:00" hostname="agent-env-221e78fe-2385-4da2-90f3-63d5ce6338fc"><testcase classname="backend.tests.test_auth_v11.TestWhitelist" name="test_root_public" time="0.144" /><testcase classname="backend.tests.test_auth_v11.TestWhitelist" name="test_legal_pages_public[/legal/privacy]" time="0.049" /><testcase classname="backend.tests.test_auth_v11.TestWhitelist" name="test_legal_pages_public[/legal/terms]" time="0.050" /><testcase classname="backend.tests.test_auth_v11.TestWhitelist" name="test_legal_pages_public[/legal/cookies]" time="0.052" /><testcase classname="backend.tests.test_auth_v11.TestWhitelist" name="test_expo_qr_public" time="0.049" /><testcase classname="backend.tests.test_auth_v11.TestWhitelist" name="test_expo_qr_png" time="0.076" /><testcase classname="backend.tests.test_auth_v11.TestWhitelist" name="test_otp_request_public" time="0.100" /><testcase classname="backend.tests.test_auth_v11.TestWhitelist" name="test_support_faq_public" time="0.046" /><testcase classname="backend.tests.test_auth_v11.TestProtected" name="test_protected_returns_401[/briefing]" time="0.046" /><testcase classname="backend.tests.test_auth_v11.TestProtected" name="test_protected_returns_401[/security/sessions]" time="0.050" /><testcase classname="backend.tests.test_auth_v11.TestProtected" name="test_protected_returns_401[/memories]" time="0.048" /><testcase classname="backend.tests.test_auth_v11.TestProtected" name="test_protected_returns_401[/auth/me]" time="0.047" /><testcase classname="backend.tests.test_auth_v11.TestOTPFlow" name="test_otp_request_and_verify" time="0.181" /><testcase classname="backend.tests.test_auth_v11.TestOTPFlow" name="test_otp_wrong_code_locks_after_5" time="0.434" /><testcase classname="backend.tests.test_auth_v11.TestMeRefreshLogout" name="test_me_with_token" time="0.227" /><testcase classname="backend.tests.test_auth_v11.TestMeRefreshLogout" name="test_refresh_returns_new_access_token" time="0.251" /><testcase classname="backend.tests.test_auth_v11.TestMeRefreshLogout" name="test_logout_revokes_session" time="0.312" /><testcase classname="backend.tests.test_auth_v11.TestMeRefreshLogout" name="test_logout_all_revokes_all" time="0.444" /><testcase classname="backend.tests.test_auth_v11.TestSocialAuthScaffolding" name="test_apple_start_stub" time="0.048" /><testcase classname="backend.tests.test_auth_v11.TestSocialAuthScaffolding" name="test_google_start_returns_url_or_500" time="0.097" /><testcase classname="backend.tests.test_auth_v11.TestSettings" name="test_get_creates_default" time="0.234" /><testcase classname="backend.tests.test_auth_v11.TestSettings" name="test_put_updates" time="0.289" /><testcase classname="backend.tests.test_auth_v11.TestSettings" name="test_put_rejects_invalid_theme" time="0.276" /><testcase classname="backend.tests.test_auth_v11.TestSecurity" name="test_sessions_lists_active" time="0.235" /><testcase classname="backend.tests.test_auth_v11.TestSecurity" name="test_revoke_session_removes_it" time="0.328" /><testcase classname="backend.tests.test_auth_v11.TestSecurity" name="test_revoke_all" time="0.235" /><testcase classname="backend.tests.test_auth_v11.TestSecurity" name="test_audit_log" time="0.237" /><testcase classname="backend.tests.test_auth_v11.TestAccount" name="test_export" time="0.247" /><testcase classname="backend.tests.test_auth_v11.TestAccount" name="test_delete_then_me_401" time="0.230" /><testcase classname="backend.tests.test_auth_v11.TestSupport" name="test_contact_authed" time="0.242" /><testcase classname="backend.tests.test_auth_v11.TestBrandingIntact" name="test_briefing_authed_200" time="0.234" /></testsuite></testsuites>