<?xml version="1.0" encoding="utf-8"?><testsuites name="pytest tests"><testsuite name="pytest" errors="0" failures="0" skipped="0" tests="31" time="6.167" timestamp="2026-06-19T23:15:56.498017+00:00" hostname="agent-env-14df596e-92bd-465f-b72e-8061933efbc7"><testcase classname="backend.tests.test_auth_v11.TestWhitelist" name="test_root_public" time="0.253" /><testcase classname="backend.tests.test_auth_v11.TestWhitelist" name="test_legal_pages_public[/legal/privacy]" time="0.047" /><testcase classname="backend.tests.test_auth_v11.TestWhitelist" name="test_legal_pages_public[/legal/terms]" time="0.059" /><testcase classname="backend.tests.test_auth_v11.TestWhitelist" name="test_legal_pages_public[/legal/cookies]" time="0.046" /><testcase classname="backend.tests.test_auth_v11.TestWhitelist" name="test_expo_qr_public" time="0.086" /><testcase classname="backend.tests.test_auth_v11.TestWhitelist" name="test_expo_qr_png" time="0.076" /><testcase classname="backend.tests.test_auth_v11.TestWhitelist" name="test_otp_request_public" time="0.079" /><testcase classname="backend.tests.test_auth_v11.TestWhitelist" name="test_support_faq_public" time="0.049" /><testcase classname="backend.tests.test_auth_v11.TestProtected" name="test_protected_returns_401[/briefing]" time="0.060" /><testcase classname="backend.tests.test_auth_v11.TestProtected" name="test_protected_returns_401[/security/sessions]" time="0.045" /><testcase classname="backend.tests.test_auth_v11.TestProtected" name="test_protected_returns_401[/memories]" time="0.068" /><testcase classname="backend.tests.test_auth_v11.TestProtected" name="test_protected_returns_401[/auth/me]" time="0.048" /><testcase classname="backend.tests.test_auth_v11.TestOTPFlow" name="test_otp_request_and_verify" time="0.203" /><testcase classname="backend.tests.test_auth_v11.TestOTPFlow" name="test_otp_wrong_code_locks_after_5" time="0.484" /><testcase classname="backend.tests.test_auth_v11.TestMeRefreshLogout" name="test_me_with_token" time="0.260" /><testcase classname="backend.tests.test_auth_v11.TestMeRefreshLogout" name="test_refresh_returns_new_access_token" time="0.252" /><testcase classname="backend.tests.test_auth_v11.TestMeRefreshLogout" name="test_logout_revokes_session" time="0.304" /><testcase classname="backend.tests.test_auth_v11.TestMeRefreshLogout" name="test_logout_all_revokes_all" time="0.483" /><testcase classname="backend.tests.test_auth_v11.TestSocialAuthScaffolding" name="test_apple_start_stub" time="0.046" /><testcase classname="backend.tests.test_auth_v11.TestSocialAuthScaffolding" name="test_google_start_returns_url_or_500" time="0.105" /><testcase classname="backend.tests.test_auth_v11.TestSettings" name="test_get_creates_default" time="0.255" /><testcase classname="backend.tests.test_auth_v11.TestSettings" name="test_put_updates" time="0.303" /><testcase classname="backend.tests.test_auth_v11.TestSettings" name="test_put_rejects_invalid_theme" time="0.287" /><testcase classname="backend.tests.test_auth_v11.TestSecurity" name="test_sessions_lists_active" time="0.240" /><testcase classname="backend.tests.test_auth_v11.TestSecurity" name="test_revoke_session_removes_it" time="0.364" /><testcase classname="backend.tests.test_auth_v11.TestSecurity" name="test_revoke_all" time="0.247" /><testcase classname="backend.tests.test_auth_v11.TestSecurity" name="test_audit_log" time="0.246" /><testcase classname="backend.tests.test_auth_v11.TestAccount" name="test_export" time="0.249" /><testcase classname="backend.tests.test_auth_v11.TestAccount" name="test_delete_then_me_401" time="0.246" /><testcase classname="backend.tests.test_auth_v11.TestSupport" name="test_contact_authed" time="0.399" /><testcase classname="backend.tests.test_auth_v11.TestBrandingIntact" name="test_briefing_authed_200" time="0.245" /></testsuite></testsuites>