<?xml version="1.0" encoding="utf-8"?><testsuites name="pytest tests"><testsuite name="pytest" errors="0" failures="1" skipped="0" tests="12" time="3.155" timestamp="2026-06-19T23:17:14.450854+00:00" hostname="agent-env-14df596e-92bd-465f-b72e-8061933efbc7"><testcase classname="backend.tests.test_iter9_endpoints.TestSuggestions" name="test_create_lists_and_delete" time="0.525" /><testcase classname="backend.tests.test_iter9_endpoints.TestSuggestions" name="test_create_validation" time="0.046" /><testcase classname="backend.tests.test_iter9_endpoints.TestSuggestions" name="test_kind_normalization" time="0.090" /><testcase classname="backend.tests.test_iter9_endpoints.TestCareerAutoApply" name="test_toggle_on" time="0.047" /><testcase classname="backend.tests.test_iter9_endpoints.TestCareerAutoApply" name="test_toggle_off" time="0.047" /><testcase classname="backend.tests.test_iter9_endpoints.TestCareerParseResume" name="test_parse_text_resume" time="1.752" /><testcase classname="backend.tests.test_iter9_endpoints.TestCareerParseResume" name="test_empty_file_rejected" time="0.119" /><testcase classname="backend.tests.test_iter9_endpoints.TestCareerJobApply" name="test_apply_404_when_missing" time="0.050" /><testcase classname="backend.tests.test_iter9_endpoints.TestCareerJobApply" name="test_apply_existing_job" time="0.047"><failure message="AssertionError: job create: 422 {&quot;detail&quot;:[{&quot;type&quot;:&quot;missing&quot;,&quot;loc&quot;:[&quot;body&quot;,&quot;raw_text&quot;],&quot;msg&quot;:&quot;Field required&quot;,&quot;input&quot;:{&quot;title&quot;:&quot;Senior Python Engineer (TEST_iter9)&quot;,&quot;company&quot;:&quot;ORA Test Corp&quot;,&quot;location&quot;:&quot;Remote&quot;,&quot;description&quot;:&quot;Build distributed Python systems with FastAPI and MongoDB. 5+ years required.&quot;,&quot;source&quot;:&quot;manual&quot;,&quot;source_url&quot;:&quot;https://example.com/jobs/iter9&quot;},&quot;url&quot;:&quot;https://errors.pydantic.dev/2.13/v/missing&quot;}]}&#10;assert 422 in (200, 201)&#10; +  where 422 = &lt;Response [422]&gt;.status_code">backend/tests/test_iter9_endpoints.py:192: in test_apply_existing_job
    assert r.status_code in (200, 201), f"job create: {r.status_code} {r.text}"
E   AssertionError: job create: 422 {"detail":[{"type":"missing","loc":["body","raw_text"],"msg":"Field required","input":{"title":"Senior Python Engineer (TEST_iter9)","company":"ORA Test Corp","location":"Remote","description":"Build distributed Python systems with FastAPI and MongoDB. 5+ years required.","source":"manual","source_url":"https://example.com/jobs/iter9"},"url":"https://errors.pydantic.dev/2.13/v/missing"}]}
E   assert 422 in (200, 201)
E    +  where 422 = &lt;Response [422]&gt;.status_code</failure></testcase><testcase classname="backend.tests.test_iter9_endpoints.TestFinanceTransactions" name="test_list" time="0.046" /><testcase classname="backend.tests.test_iter9_endpoints.TestRegression" name="test_otp_request_still_returns_dev_code" time="0.119" /><testcase classname="backend.tests.test_iter9_endpoints.TestRegression" name="test_apple_still_stub" time="0.212" /></testsuite></testsuites>